<?xml version="1.0" encoding="UTF-8"?>
<testsuite xmlns:xsi="http://www.w3.org/2001/XMLSchema-instance" xsi:noNamespaceSchemaLocation="https://maven.apache.org/surefire/maven-surefire-plugin/xsd/surefire-test-report.xsd" name="lib.application.test.BookServicesTest" time="0.318" tests="9" errors="0" skipped="0" failures="0">
  <properties>
[...]
</properties>
  <testcase name="shouldRetrieveAllBookCountsSuccessfully" classname="lib.application.test.BookServicesTest" time="0.036"/>
  <testcase name="shouldRetrieveBookByIsbnSuccessfully" classname="lib.application.test.BookServicesTest" time="0.032"/>
  <testcase name="shouldRetrieveBookByTitleSuccessfully" classname="lib.application.test.BookServicesTest" time="0.017"/>
  <testcase name="shouldRetrieveBookByPublisherSuccessfully" classname="lib.application.test.BookServicesTest" time="0.018"/>
  <testcase name="shouldDeleteBookSuccessfully" classname="lib.application.test.BookServicesTest" time="0.055"/>
  <testcase name="shouldAddFirstBookSuccessfully" classname="lib.application.test.BookServicesTest" time="0.023"/>
  <testcase name="shouldRetrieveAllBooksSuccessfully" classname="lib.application.test.BookServicesTest" time="0.079"/>
  <testcase name="shouldRetrieveBookByAuthorSuccessfully" classname="lib.application.test.BookServicesTest" time="0.02"/>
  <testcase name="shouldAddSecondBookSuccessfully" classname="lib.application.test.BookServicesTest" time="0.027"/>
</testsuite>