# JRE version: OpenJDK Runtime Environment (8.0_252-b09) (build 1.8.0_252-b09)
# Java VM: OpenJDK 64-Bit Server VM (25.252-b09 mixed mode windows-amd64 compressed oops)
Heap:
 PSYoungGen      total 205824K, used 113715K [0x0000000718780000, 0x0000000729400000, 0x00000007c0000000)
  eden space 184320K, 57% used [0x0000000718780000,0x000000071ef1a868,0x0000000723b80000)
  from space 21504K, 35% used [0x0000000723b80000,0x00000007242f23b8,0x0000000725080000)
  to   space 11264K, 0% used [0x0000000728900000,0x0000000728900000,0x0000000729400000)
 ParOldGen       total 324096K, used 14102K [0x00000005c9600000, 0x00000005dd280000, 0x0000000718780000)
  object space 324096K, 4% used [0x00000005c9600000,0x00000005ca3c5be8,0x00000005dd280000)
 Metaspace       used 46311K, capacity 47808K, committed 48000K, reserved 1091584K
  class space    used 5864K, capacity 6163K, committed 6272K, reserved 1048576K
GC Heap History (10 events):
Event: 2.065 GC heap before
{Heap before GC invocations=3 (full 1):
 PSYoungGen      total 150528K, used 7803K [0x0000000718780000, 0x000000072ad80000, 0x00000007c0000000)
  eden space 129024K, 0% used [0x0000000718780000,0x0000000718780000,0x0000000720580000)
  from space 21504K, 36% used [0x0000000721a80000,0x000000072221ec08,0x0000000722f80000)
  to   space 21504K, 0% used [0x0000000720580000,0x0000000720580000,0x0000000721a80000)
 ParOldGen       total 344064K, used 88K [0x00000005c9600000, 0x00000005de600000, 0x0000000718780000)
  object space 344064K, 0% used [0x00000005c9600000,0x00000005c9616010,0x00000005de600000)
 Metaspace       used 20786K, capacity 21192K, committed 21296K, reserved 1069056K
  class space    used 2536K, capacity 2657K, committed 2688K, reserved 1048576K
Event: 2.094 GC heap after
Heap after GC invocations=3 (full 1):
 PSYoungGen      total 150528K, used 0K [0x0000000718780000, 0x000000072ad80000, 0x00000007c0000000)
  eden space 129024K, 0% used [0x0000000718780000,0x0000000718780000,0x0000000720580000)
  from space 21504K, 0% used [0x0000000721a80000,0x0000000721a80000,0x0000000722f80000)
  to   space 21504K, 0% used [0x0000000720580000,0x0000000720580000,0x0000000721a80000)
 ParOldGen       total 201728K, used 7660K [0x00000005c9600000, 0x00000005d5b00000, 0x0000000718780000)
  object space 201728K, 3% used [0x00000005c9600000,0x00000005c9d7b350,0x00000005d5b00000)
 Metaspace       used 20786K, capacity 21192K, committed 21296K, reserved 1069056K
  class space    used 2536K, capacity 2657K, committed 2688K, reserved 1048576K
}
Event: 2.721 GC heap before
{Heap before GC invocations=4 (full 1):
 PSYoungGen      total 150528K, used 129024K [0x0000000718780000, 0x000000072ad80000, 0x00000007c0000000)
  eden space 129024K, 100% used [0x0000000718780000,0x0000000720580000,0x0000000720580000)
  from space 21504K, 0% used [0x0000000721a80000,0x0000000721a80000,0x0000000722f80000)
  to   space 21504K, 0% used [0x0000000720580000,0x0000000720580000,0x0000000721a80000)
 ParOldGen       total 201728K, used 7660K [0x00000005c9600000, 0x00000005d5b00000, 0x0000000718780000)
  object space 201728K, 3% used [0x00000005c9600000,0x00000005c9d7b350,0x00000005d5b00000)
 Metaspace       used 28763K, capacity 29452K, committed 29568K, reserved 1075200K
  class space    used 3507K, capacity 3695K, committed 3712K, reserved 1048576K
Event: 2.726 GC heap after
Heap after GC invocations=4 (full 1):
 PSYoungGen      total 150528K, used 10373K [0x0000000718780000, 0x0000000726a80000, 0x00000007c0000000)
  eden space 129024K, 0% used [0x0000000718780000,0x0000000718780000,0x0000000720580000)
  from space 21504K, 48% used [0x0000000720580000,0x0000000720fa17f8,0x0000000721a80000)
  to   space 21504K, 0% used [0x0000000725580000,0x0000000725580000,0x0000000726a80000)
 ParOldGen       total 201728K, used 7668K [0x00000005c9600000, 0x00000005d5b00000, 0x0000000718780000)
  object space 201728K, 3% used [0x00000005c9600000,0x00000005c9d7d350,0x00000005d5b00000)
 Metaspace       used 28763K, capacity 29452K, committed 29568K, reserved 1075200K
  class space    used 3507K, capacity 3695K, committed 3712K, reserved 1048576K
}
Event: 4.086 GC heap before
{Heap before GC invocations=5 (full 1):
 PSYoungGen      total 150528K, used 110830K [0x0000000718780000, 0x0000000726a80000, 0x00000007c0000000)
  eden space 129024K, 77% used [0x0000000718780000,0x000000071e99a388,0x0000000720580000)
  from space 21504K, 48% used [0x0000000720580000,0x0000000720fa17f8,0x0000000721a80000)
  to   space 21504K, 0% used [0x0000000725580000,0x0000000725580000,0x0000000726a80000)
 ParOldGen       total 201728K, used 7668K [0x00000005c9600000, 0x00000005d5b00000, 0x0000000718780000)
  object space 201728K, 3% used [0x00000005c9600000,0x00000005c9d7d350,0x00000005d5b00000)
 Metaspace       used 34492K, capacity 35350K, committed 35456K, reserved 1081344K
  class space    used 4262K, capacity 4476K, committed 4480K, reserved 1048576K
Event: 4.093 GC heap after
Heap after GC invocations=5 (full 1):
 PSYoungGen      total 200704K, used 9249K [0x0000000718780000, 0x0000000726580000, 0x00000007c0000000)
  eden space 184320K, 0% used [0x0000000718780000,0x0000000718780000,0x0000000723b80000)
  from space 16384K, 56% used [0x0000000725580000,0x0000000725e886a0,0x0000000726580000)
  to   space 21504K, 0% used [0x0000000723b80000,0x0000000723b80000,0x0000000725080000)
 ParOldGen       total 201728K, used 7676K [0x00000005c9600000, 0x00000005d5b00000, 0x0000000718780000)
  object space 201728K, 3% used [0x00000005c9600000,0x00000005c9d7f350,0x00000005d5b00000)
 Metaspace       used 34492K, capacity 35350K, committed 35456K, reserved 1081344K
  class space    used 4262K, capacity 4476K, committed 4480K, reserved 1048576K
}
Event: 4.093 GC heap before
{Heap before GC invocations=6 (full 2):
 PSYoungGen      total 200704K, used 9249K [0x0000000718780000, 0x0000000726580000, 0x00000007c0000000)
  eden space 184320K, 0% used [0x0000000718780000,0x0000000718780000,0x0000000723b80000)
  from space 16384K, 56% used [0x0000000725580000,0x0000000725e886a0,0x0000000726580000)
  to   space 21504K, 0% used [0x0000000723b80000,0x0000000723b80000,0x0000000725080000)
 ParOldGen       total 201728K, used 7676K [0x00000005c9600000, 0x00000005d5b00000, 0x0000000718780000)
  object space 201728K, 3% used [0x00000005c9600000,0x00000005c9d7f350,0x00000005d5b00000)
 Metaspace       used 34492K, capacity 35350K, committed 35456K, reserved 1081344K
  class space    used 4262K, capacity 4476K, committed 4480K, reserved 1048576K
Event: 4.128 GC heap after
Heap after GC invocations=6 (full 2):
 PSYoungGen      total 200704K, used 0K [0x0000000718780000, 0x0000000726580000, 0x00000007c0000000)
  eden space 184320K, 0% used [0x0000000718780000,0x0000000718780000,0x0000000723b80000)
  from space 16384K, 0% used [0x0000000725580000,0x0000000725580000,0x0000000726580000)
  to   space 21504K, 0% used [0x0000000723b80000,0x0000000723b80000,0x0000000725080000)
 ParOldGen       total 324096K, used 14094K [0x00000005c9600000, 0x00000005dd280000, 0x0000000718780000)
  object space 324096K, 4% used [0x00000005c9600000,0x00000005ca3c3be8,0x00000005dd280000)
 Metaspace       used 34492K, capacity 35350K, committed 35456K, reserved 1081344K
  class space    used 4262K, capacity 4476K, committed 4480K, reserved 1048576K
}
Event: 5.503 GC heap before
{Heap before GC invocations=7 (full 2):
 PSYoungGen      total 200704K, used 184320K [0x0000000718780000, 0x0000000726580000, 0x00000007c0000000)
  eden space 184320K, 100% used [0x0000000718780000,0x0000000723b80000,0x0000000723b80000)
  from space 16384K, 0% used [0x0000000725580000,0x0000000725580000,0x0000000726580000)
  to   space 21504K, 0% used [0x0000000723b80000,0x0000000723b80000,0x0000000725080000)
 ParOldGen       total 324096K, used 14094K [0x00000005c9600000, 0x00000005dd280000, 0x0000000718780000)
  object space 324096K, 4% used [0x00000005c9600000,0x00000005ca3c3be8,0x00000005dd280000)
 Metaspace       used 39721K, capacity 41098K, committed 41216K, reserved 1085440K
  class space    used 5028K, capacity 5292K, committed 5376K, reserved 1048576K
Event: 5.510 GC heap after
Heap after GC invocations=7 (full 2):
 PSYoungGen      total 205824K, used 7624K [0x0000000718780000, 0x0000000729400000, 0x00000007c0000000)
  eden space 184320K, 0% used [0x0000000718780000,0x0000000718780000,0x0000000723b80000)
  from space 21504K, 35% used [0x0000000723b80000,0x00000007242f23b8,0x0000000725080000)
  to   space 11264K, 0% used [0x0000000728900000,0x0000000728900000,0x0000000729400000)
 ParOldGen       total 324096K, used 14102K [0x00000005c9600000, 0x00000005dd280000, 0x0000000718780000)
  object space 324096K, 4% used [0x00000005c9600000,0x00000005ca3c5be8,0x00000005dd280000)
 Metaspace       used 39721K, capacity 41098K, committed 41216K, reserved 1085440K
  class space    used 5028K, capacity 5292K, committed 5376K, reserved 1048576K
}

